<?xml version="1.0" encoding="UTF-8"?>
<coverage generated="1714331121749" clover="3.2.0">
  <project timestamp="1714331121749" name="All files">
    <metrics statements="19" coveredstatements="19" conditionals="6" coveredconditionals="6" methods="3" coveredmethods="3" elements="28" coveredelements="28" complexity="0" loc="19" ncloc="19" packages="1" files="1" classes="1"/>
    <file name="game.js" path="/Users/mochieng1/Library/Mobile Documents/com~apple~CloudDocs/Learning/MiniApps/Workspace/Assignments/AssignmentPigDice/src/game.js">
      <metrics statements="19" coveredstatements="19" conditionals="6" coveredconditionals="6" methods="3" coveredmethods="3"/>
      <line num="3" count="5" type="stmt"/>
      <line num="4" count="5" type="stmt"/>
      <line num="5" count="5" type="stmt"/>
      <line num="9" count="1" type="stmt"/>
      <line num="13" count="4" type="stmt"/>
      <line num="15" count="4" type="stmt"/>
      <line num="16" count="10" type="stmt"/>
      <line num="20" count="10" type="cond" truecount="2" falsecount="0"/>
      <line num="21" count="3" type="stmt"/>
      <line num="22" count="3" type="stmt"/>
      <line num="23" count="3" type="cond" truecount="2" falsecount="0"/>
      <line num="24" count="1" type="stmt"/>
      <line num="26" count="2" type="stmt"/>
      <line num="28" count="3" type="stmt"/>
      <line num="30" count="7" type="cond" truecount="2" falsecount="0"/>
      <line num="31" count="1" type="stmt"/>
      <line num="33" count="6" type="stmt"/>
      <line num="37" count="7" type="stmt"/>
      <line num="40" count="4" type="stmt"/>
    </file>
  </project>
</coverage>
