{"/Users/mochieng1/Library/Mobile Documents/com~apple~CloudDocs/Learning/MiniApps/Workspace/Assignment/Assignment/src/game.js": {"path":"/Users/mochieng1/Library/Mobile Documents/com~apple~CloudDocs/Learning/MiniApps/Workspace/Assignment/Assignment/src/game.js","statementMap":{"0":{"start":{"line":3,"column":8},"end":{"line":3,"column":23}},"1":{"start":{"line":4,"column":8},"end":{"line":4,"column":22}},"2":{"start":{"line":8,"column":8},"end":{"line":8,"column":49}},"3":{"start":{"line":12,"column":8},"end":{"line":12,"column":68}},"4":{"start":{"line":14,"column":8},"end":{"line":37,"column":9}},"5":{"start":{"line":15,"column":25},"end":{"line":15,"column":40}},"6":{"start":{"line":17,"column":12},"end":{"line":17,"column":30}},"7":{"start":{"line":19,"column":12},"end":{"line":34,"column":13}},"8":{"start":{"line":20,"column":16},"end":{"line":20,"column":40}},"9":{"start":{"line":21,"column":16},"end":{"line":21,"column":28}},"10":{"start":{"line":22,"column":16},"end":{"line":26,"column":17}},"11":{"start":{"line":23,"column":20},"end":{"line":23,"column":72}},"12":{"start":{"line":25,"column":20},"end":{"line":25,"column":74}},"13":{"start":{"line":27,"column":16},"end":{"line":27,"column":22}},"14":{"start":{"line":29,"column":16},"end":{"line":33,"column":17}},"15":{"start":{"line":30,"column":20},"end":{"line":30,"column":67}},"16":{"start":{"line":32,"column":20},"end":{"line":32,"column":50}},"17":{"start":{"line":36,"column":12},"end":{"line":36,"column":25}},"18":{"start":{"line":39,"column":8},"end":{"line":39,"column":47}}},"fnMap":{"0":{"name":"(anonymous_0)","decl":{"start":{"line":2,"column":4},"end":{"line":2,"column":5}},"loc":{"start":{"line":2,"column":18},"end":{"line":5,"column":5}},"line":2},"1":{"name":"(anonymous_1)","decl":{"start":{"line":7,"column":4},"end":{"line":7,"column":5}},"loc":{"start":{"line":7,"column":15},"end":{"line":9,"column":5}},"line":7},"2":{"name":"(anonymous_2)","decl":{"start":{"line":11,"column":4},"end":{"line":11,"column":5}},"loc":{"start":{"line":11,"column":15},"end":{"line":40,"column":5}},"line":11}},"branchMap":{"0":{"loc":{"start":{"line":19,"column":12},"end":{"line":34,"column":13}},"type":"if","locations":[{"start":{"line":19,"column":12},"end":{"line":34,"column":13}},{"start":{"line":28,"column":19},"end":{"line":34,"column":13}}],"line":19},"1":{"loc":{"start":{"line":22,"column":16},"end":{"line":26,"column":17}},"type":"if","locations":[{"start":{"line":22,"column":16},"end":{"line":26,"column":17}},{"start":{"line":24,"column":23},"end":{"line":26,"column":17}}],"line":22},"2":{"loc":{"start":{"line":29,"column":16},"end":{"line":33,"column":17}},"type":"if","locations":[{"start":{"line":29,"column":16},"end":{"line":33,"column":17}},{"start":{"line":31,"column":23},"end":{"line":33,"column":17}}],"line":29}},"s":{"0":5,"1":5,"2":1,"3":4,"4":4,"5":10,"6":10,"7":10,"8":3,"9":3,"10":3,"11":1,"12":2,"13":3,"14":7,"15":1,"16":6,"17":7,"18":4},"f":{"0":5,"1":1,"2":4},"b":{"0":[3,7],"1":[1,2],"2":[1,6]},"_coverageSchema":"1a1c01bbd47fc00a2c39e90264f33305004495a9","hash":"d773185a9bd710fee0084b4a2f3863e93032d30c"}
}
