{"/Users/mochieng1/Library/Mobile Documents/com~apple~CloudDocs/Learning/MiniApps/Workspace/Assignments/AssignmentPigDice/src/game.js": {"path":"/Users/mochieng1/Library/Mobile Documents/com~apple~CloudDocs/Learning/MiniApps/Workspace/Assignments/AssignmentPigDice/src/game.js","statementMap":{"0":{"start":{"line":3,"column":8},"end":{"line":3,"column":43}},"1":{"start":{"line":4,"column":8},"end":{"line":4,"column":23}},"2":{"start":{"line":5,"column":8},"end":{"line":5,"column":22}},"3":{"start":{"line":9,"column":8},"end":{"line":9,"column":49}},"4":{"start":{"line":13,"column":8},"end":{"line":13,"column":94}},"5":{"start":{"line":15,"column":8},"end":{"line":38,"column":9}},"6":{"start":{"line":16,"column":25},"end":{"line":16,"column":40}},"7":{"start":{"line":18,"column":12},"end":{"line":18,"column":66}},"8":{"start":{"line":20,"column":12},"end":{"line":35,"column":13}},"9":{"start":{"line":21,"column":16},"end":{"line":21,"column":66}},"10":{"start":{"line":22,"column":16},"end":{"line":22,"column":28}},"11":{"start":{"line":23,"column":16},"end":{"line":27,"column":17}},"12":{"start":{"line":24,"column":20},"end":{"line":24,"column":98}},"13":{"start":{"line":26,"column":20},"end":{"line":26,"column":100}},"14":{"start":{"line":28,"column":16},"end":{"line":28,"column":22}},"15":{"start":{"line":30,"column":16},"end":{"line":34,"column":17}},"16":{"start":{"line":31,"column":20},"end":{"line":31,"column":93}},"17":{"start":{"line":33,"column":20},"end":{"line":33,"column":76}},"18":{"start":{"line":37,"column":12},"end":{"line":37,"column":25}},"19":{"start":{"line":40,"column":8},"end":{"line":40,"column":78}}},"fnMap":{"0":{"name":"(anonymous_0)","decl":{"start":{"line":2,"column":4},"end":{"line":2,"column":5}},"loc":{"start":{"line":2,"column":31},"end":{"line":6,"column":5}},"line":2},"1":{"name":"(anonymous_1)","decl":{"start":{"line":8,"column":4},"end":{"line":8,"column":5}},"loc":{"start":{"line":8,"column":15},"end":{"line":10,"column":5}},"line":8},"2":{"name":"(anonymous_2)","decl":{"start":{"line":12,"column":4},"end":{"line":12,"column":5}},"loc":{"start":{"line":12,"column":15},"end":{"line":41,"column":5}},"line":12}},"branchMap":{"0":{"loc":{"start":{"line":20,"column":12},"end":{"line":35,"column":13}},"type":"if","locations":[{"start":{"line":20,"column":12},"end":{"line":35,"column":13}},{"start":{"line":29,"column":19},"end":{"line":35,"column":13}}],"line":20},"1":{"loc":{"start":{"line":23,"column":16},"end":{"line":27,"column":17}},"type":"if","locations":[{"start":{"line":23,"column":16},"end":{"line":27,"column":17}},{"start":{"line":25,"column":23},"end":{"line":27,"column":17}}],"line":23},"2":{"loc":{"start":{"line":30,"column":16},"end":{"line":34,"column":17}},"type":"if","locations":[{"start":{"line":30,"column":16},"end":{"line":34,"column":17}},{"start":{"line":32,"column":23},"end":{"line":34,"column":17}}],"line":30}},"s":{"0":5,"1":5,"2":5,"3":1,"4":4,"5":4,"6":10,"7":10,"8":10,"9":3,"10":3,"11":3,"12":1,"13":2,"14":3,"15":7,"16":1,"17":6,"18":7,"19":4},"f":{"0":5,"1":1,"2":4},"b":{"0":[3,7],"1":[1,2],"2":[1,6]},"_coverageSchema":"1a1c01bbd47fc00a2c39e90264f33305004495a9","hash":"dd5ba588300f230de26dcade2ec9f21d76799d91"}
}
